<?xml version="1.0" encoding="UTF-8"?>
<coverage generated="1710520065685" clover="3.2.0">
  <project timestamp="1710520065685" name="All files">
    <metrics statements="6" coveredstatements="6" conditionals="2" coveredconditionals="1" methods="3" coveredmethods="3" elements="11" coveredelements="10" complexity="0" loc="6" ncloc="6" packages="1" files="1" classes="1"/>
    <file name="index.js" path="/Users/daddyjanno/code/Codewars/Typescript/8kyu/sum_without_highest_and_lowest_number/src/main/typescript/index.js">
      <metrics statements="6" coveredstatements="6" conditionals="2" coveredconditionals="1" methods="3" coveredmethods="3"/>
      <line num="2" count="1" type="stmt"/>
      <line num="3" count="1" type="stmt"/>
      <line num="5" count="1" type="cond" truecount="1" falsecount="1"/>
      <line num="7" count="7" type="stmt"/>
      <line num="9" count="3" type="stmt"/>
      <line num="12" count="1" type="stmt"/>
    </file>
  </project>
</coverage>
