{"/Users/daddyjanno/code/Codewars/Typescript/8kyu/sum_without_highest_and_lowest_number/src/main/typescript/index.js": {"path":"/Users/daddyjanno/code/Codewars/Typescript/8kyu/sum_without_highest_and_lowest_number/src/main/typescript/index.js","statementMap":{"0":{"start":{"line":2,"column":0},"end":{"line":2,"column":62}},"1":{"start":{"line":3,"column":0},"end":{"line":3,"column":26}},"2":{"start":{"line":5,"column":4},"end":{"line":10,"column":12}},"3":{"start":{"line":7,"column":28},"end":{"line":7,"column":33}},"4":{"start":{"line":9,"column":35},"end":{"line":9,"column":45}},"5":{"start":{"line":12,"column":0},"end":{"line":12,"column":28}}},"fnMap":{"0":{"name":"sumArray","decl":{"start":{"line":4,"column":9},"end":{"line":4,"column":17}},"loc":{"start":{"line":4,"column":25},"end":{"line":11,"column":1}},"line":4},"1":{"name":"(anonymous_1)","decl":{"start":{"line":7,"column":18},"end":{"line":7,"column":19}},"loc":{"start":{"line":7,"column":28},"end":{"line":7,"column":33}},"line":7},"2":{"name":"(anonymous_2)","decl":{"start":{"line":9,"column":20},"end":{"line":9,"column":21}},"loc":{"start":{"line":9,"column":35},"end":{"line":9,"column":45}},"line":9}},"branchMap":{"0":{"loc":{"start":{"line":5,"column":11},"end":{"line":10,"column":11}},"type":"cond-expr","locations":[{"start":{"line":6,"column":10},"end":{"line":9,"column":49}},{"start":{"line":10,"column":10},"end":{"line":10,"column":11}}],"line":5}},"s":{"0":1,"1":1,"2":1,"3":7,"4":3,"5":1},"f":{"0":1,"1":7,"2":3},"b":{"0":[1,0]},"inputSourceMap":null,"_coverageSchema":"1a1c01bbd47fc00a2c39e90264f33305004495a9","hash":"0f5d46546112ebf729434b393c2196965c8e0435"}
}
